<?xml version="1.0" encoding="UTF-8"?>
<!-- Generated by org.testng.reporters.JUnitXMLReporter -->
<testsuite ignored="0" hostname="LAPTOP-NLARMDD7" failures="2" tests="3" name="Error Validation Test" time="9.547" errors="0" timestamp="2025-06-07T15:05:16 IST">
  <testcase classname="Automation.Framework.ErrorValidations" name="LogInErrorValidation" time="0.001">
    <skipped/>
  </testcase> <!-- LogInErrorValidation -->
  <testcase classname="Automation.Framework.ErrorValidations" name="LogInErrorValidation" time="0.001">
    <failure type="java.lang.NullPointerException" message="Cannot invoke &amp;quot;Automation.Framework.LandingPage.loginApplication(String, String)&amp;quot; because &amp;quot;this.landingPage&amp;quot; is null">
      <![CDATA[java.lang.NullPointerException: Cannot invoke "Automation.Framework.LandingPage.loginApplication(String, String)" because "this.landingPage" is null
at Automation.Framework.ErrorValidations.LogInErrorValidation(ErrorValidations.java:33)
at java.base/java.util.ArrayList.forEach(ArrayList.java:1511)
at java.base/java.util.concurrent.FutureTask.run(FutureTask.java:264)
at java.base/java.util.concurrent.ThreadPoolExecutor.runWorker(ThreadPoolExecutor.java:1136)
at java.base/java.util.concurrent.ThreadPoolExecutor$Worker.run(ThreadPoolExecutor.java:635)
at java.base/java.lang.Thread.run(Thread.java:840)
... Removed 17 stack frames]]>
    </failure>
  </testcase> <!-- LogInErrorValidation -->
  <testcase classname="Automation.Framework.ErrorValidations" name="ProductErrorValidation" time="0.001">
    <failure type="java.lang.NullPointerException" message="Cannot invoke &amp;quot;Automation.Framework.LandingPage.loginApplication(String, String)&amp;quot; because &amp;quot;this.landingPage&amp;quot; is null">
      <![CDATA[java.lang.NullPointerException: Cannot invoke "Automation.Framework.LandingPage.loginApplication(String, String)" because "this.landingPage" is null
at Automation.Framework.ErrorValidations.ProductErrorValidation(ErrorValidations.java:43)
at java.base/java.util.ArrayList.forEach(ArrayList.java:1511)
at java.base/java.util.concurrent.FutureTask.run(FutureTask.java:264)
at java.base/java.util.concurrent.ThreadPoolExecutor.runWorker(ThreadPoolExecutor.java:1136)
at java.base/java.util.concurrent.ThreadPoolExecutor$Worker.run(ThreadPoolExecutor.java:635)
at java.base/java.lang.Thread.run(Thread.java:840)
... Removed 17 stack frames]]>
    </failure>
  </testcase> <!-- ProductErrorValidation -->
</testsuite> <!-- Error Validation Test -->
