<?xml version="1.0" encoding="UTF-8"?>
<!-- Generated by org.testng.reporters.JUnitXMLReporter -->
<testsuite ignored="0" hostname="LAPTOP-NLARMDD7" failures="2" tests="2" name="Submit Order Test" time="7.549" errors="0" timestamp="2025-06-07T15:05:14 IST">
  <testcase classname="Automation.Framework.StandaloneTest2" name="Standalone" time="0.006">
    <failure type="java.lang.NullPointerException" message="Cannot invoke &amp;quot;Automation.Framework.LandingPage.loginApplication(String, String)&amp;quot; because &amp;quot;this.landingPage&amp;quot; is null">
      <![CDATA[java.lang.NullPointerException: Cannot invoke "Automation.Framework.LandingPage.loginApplication(String, String)" because "this.landingPage" is null
at Automation.Framework.StandaloneTest2.Standalone(StandaloneTest2.java:42)
at java.base/java.util.ArrayList.forEach(ArrayList.java:1511)
at java.base/java.util.concurrent.FutureTask.run(FutureTask.java:264)
at java.base/java.util.concurrent.ThreadPoolExecutor.runWorker(ThreadPoolExecutor.java:1136)
at java.base/java.util.concurrent.ThreadPoolExecutor$Worker.run(ThreadPoolExecutor.java:635)
at java.base/java.lang.Thread.run(Thread.java:840)
... Removed 17 stack frames]]>
    </failure>
  </testcase> <!-- Standalone -->
  <testcase classname="Automation.Framework.StandaloneTest2" name="Standalone" time="0.002">
    <failure type="java.lang.NullPointerException" message="Cannot invoke &amp;quot;Automation.Framework.LandingPage.loginApplication(String, String)&amp;quot; because &amp;quot;this.landingPage&amp;quot; is null">
      <![CDATA[java.lang.NullPointerException: Cannot invoke "Automation.Framework.LandingPage.loginApplication(String, String)" because "this.landingPage" is null
at Automation.Framework.StandaloneTest2.Standalone(StandaloneTest2.java:42)
at java.base/java.util.ArrayList.forEach(ArrayList.java:1511)
at java.base/java.util.concurrent.FutureTask.run(FutureTask.java:264)
at java.base/java.util.concurrent.ThreadPoolExecutor.runWorker(ThreadPoolExecutor.java:1136)
at java.base/java.util.concurrent.ThreadPoolExecutor$Worker.run(ThreadPoolExecutor.java:635)
at java.base/java.lang.Thread.run(Thread.java:840)
... Removed 17 stack frames]]>
    </failure>
  </testcase> <!-- Standalone -->
</testsuite> <!-- Submit Order Test -->
